2018-06-02 08:56:21 ERROR CustomerController:100 - Failed to rent a car. Message: The given id must not be null!; nested exception is java.lang.IllegalArgumentException: The given id must not be null!
2018-06-02 08:56:21 INFO  CustomerController:103 - User: customerconfirmed request to rent Car: 123-Mar-09 as from 2018-06-02 to 2018-06-30
2018-06-02 08:59:04 ERROR CustomerController:102 - Failed to rent a car. Message: Start Date [2018-06-02] and End Date [2018-06-02] cannot be on the same day!
2018-06-02 08:59:04 INFO  CustomerController:105 - User: customerconfirmed request to rent Car: 123-Mar-09 as from 2018-06-02 to 2018-06-02
2018-06-02 09:01:21 INFO  CustomerController:107 - User: customerconfirmed request to rent Car: 123-Mar-09 as from 2018-06-08 to 2018-06-30
2018-06-02 10:26:12 INFO  CustomerController:104 - User: customerconfirmed request to rent Car: 123-Mar-09 as from 2018-06-09 to 2018-06-30
2018-06-02 10:26:20 ERROR CustomerController:75 - Could not load the Rental Request Form. Message: This User [Name: customer NIC: customer] is already renting a car [123-Mar-09] till: 2018-06-30
2018-06-02 10:29:51 INFO  CustomerController:95 - User: customerconfirmed request to rent Car: 123-Mar-09 as from 2018-06-09 to 2018-06-30
2018-06-02 10:29:58 ERROR CustomerController:66 - Could not load the Rental Request Form. Message: This User [Name: customer NIC: customer] is already renting a car [123-Mar-09] till: 2018-06-30
2018-06-02 10:31:21 ERROR CustomerController:90 - Failed to rent a car. Message: Start Date [2018-06-09] and End Date [2018-06-09] cannot be on the same day!
2018-06-02 10:31:27 INFO  CustomerController:95 - User: customerconfirmed request to rent Car: 123-Dec-10 as from 2018-06-09 to 2018-06-30
2018-06-02 10:31:32 ERROR CustomerController:66 - Could not load the Rental Request Form. Message: User [Name: customer NIC: customer] is already renting a car [123-Dec-10] till: 2018-06-30. Cannot make second rent request!
2018-06-02 18:54:47 INFO  CustomerController:95 - User: vanuconfirmed request to rent Car: 321-Mar-09 as from 2018-06-02 to 2018-06-30
2018-06-02 18:55:01 ERROR CustomerController:66 - Could not load the Rental Request Form. Message: User [Name: vanu NIC: vanu] is already renting a car [321-Mar-09] till: 2018-06-30. Cannot make second rent request!
2018-06-02 22:36:44 ERROR CustomerService:155 - This user is removed and cannot be further processed!
2018-06-02 23:19:08 INFO  CustomerService:59 - Created new User!
2018-06-02 23:19:08 INFO  CustomerService:59 - Created new User!
2018-06-02 23:19:08 INFO  CustomerService:59 - Created new User!
2018-06-02 23:19:08 INFO  CustomerService:59 - Created new User!
2018-06-02 23:19:08 INFO  CustomerService:59 - Created new User!
2018-06-02 23:23:21 ERROR CustomerService:194 - Cannot find customer by national id!
2018-06-02 23:23:34 ERROR CustomerService:194 - Cannot find customer by national id!
2018-06-02 23:25:00 ERROR CustomerService:194 - Cannot find customer by national id!
2018-06-02 23:30:34 INFO  CustomerService:59 - Created new User!
2018-06-02 23:30:34 INFO  CustomerService:59 - Created new User!
2018-06-02 23:30:34 INFO  CustomerService:59 - Created new User!
2018-06-02 23:30:34 INFO  CustomerService:59 - Created new User!
2018-06-02 23:30:34 INFO  CustomerService:59 - Created new User!
2018-06-02 23:33:38 INFO  CustomerService:59 - Created new User!
2018-06-02 23:33:38 INFO  CustomerService:59 - Created new User!
2018-06-02 23:33:38 INFO  CustomerService:59 - Created new User!
2018-06-02 23:33:39 INFO  CustomerService:59 - Created new User!
2018-06-02 23:33:39 INFO  CustomerService:59 - Created new User!
2018-06-02 23:48:57 INFO  CustomerService:59 - Created new User!
2018-06-03 00:11:21 INFO  CustomerService:76 - User updated!
2018-06-03 13:03:24 INFO  CustomerService:61 - User updated!
2018-06-03 15:36:09 ERROR CustomerService:196 - Cannot find customer by national id!
2018-06-03 21:21:52 INFO  CustomerService:61 - User updated!
2018-06-03 21:22:14 INFO  CustomerService:61 - User updated!
2018-06-03 22:44:53 INFO  CustomerService:61 - User updated!
2018-06-04 05:56:49 INFO  CustomerService:53 - Created new User!
2018-06-04 05:56:52 INFO  CustomerService:53 - Created new User!
2018-06-04 05:56:55 INFO  CustomerService:53 - Created new User!
2018-06-04 05:56:57 INFO  CustomerService:53 - Created new User!
2018-06-04 05:57:00 INFO  CustomerService:53 - Created new User!
2018-06-04 05:57:02 INFO  CustomerService:53 - Created new User!
2018-06-04 05:57:05 INFO  CustomerService:53 - Created new User!
2018-06-04 05:57:08 INFO  CustomerService:53 - Created new User!
2018-06-04 05:57:11 INFO  CustomerService:53 - Created new User!
2018-06-04 05:57:14 INFO  CustomerService:53 - Created new User!
2018-06-04 05:57:16 INFO  CustomerService:53 - Created new User!
2018-06-04 05:57:19 INFO  CustomerService:53 - Created new User!
2018-06-04 05:57:22 INFO  CustomerService:53 - Created new User!
2018-06-04 05:57:24 INFO  CustomerService:53 - Created new User!
2018-06-04 05:57:27 INFO  CustomerService:53 - Created new User!
2018-06-04 05:57:30 INFO  CustomerService:53 - Created new User!
2018-06-04 05:57:32 INFO  CustomerService:53 - Created new User!
2018-06-04 05:57:35 INFO  CustomerService:53 - Created new User!
2018-06-04 05:57:38 INFO  CustomerService:53 - Created new User!
2018-06-04 05:57:40 INFO  CustomerService:53 - Created new User!
2018-06-04 05:57:43 INFO  CustomerService:53 - Created new User!
2018-06-04 05:57:45 INFO  CustomerService:53 - Created new User!
2018-06-04 05:57:48 INFO  CustomerService:53 - Created new User!
2018-06-04 05:57:51 INFO  CustomerService:53 - Created new User!
2018-06-04 05:57:54 INFO  CustomerService:53 - Created new User!
2018-06-04 05:57:56 INFO  CustomerService:53 - Created new User!
2018-06-04 05:57:59 INFO  CustomerService:53 - Created new User!
2018-06-04 05:58:02 INFO  CustomerService:53 - Created new User!
